2026-01-16 07:50:19,976 - api - INFO - 初始化OCR处理器，使用模型: pp-ocrv5
2026-01-16 07:50:19,976 - ocr_pdf - INFO - 正在初始化pp-ocrv5模型...
2026-01-16 07:50:21,348 - ocr_pdf - INFO - pp-ocrv5模型初始化完成
2026-01-16 07:50:21,348 - ocr_pdf - INFO - 使用OCR模型: pp-ocrv5
2026-01-16 07:50:21,348 - api - INFO - 开始处理PDF文件: test.pdf
2026-01-16 07:50:21,348 - ocr_pdf - INFO - 开始处理PDF文件: /var/folders/xl/67d5yjrd5ns69tr_3cpz733m0000gn/T/tmpu5li7k9n/test.pdf
2026-01-16 07:50:21,348 - ocr_pdf - INFO - 文件信息: 文件名=test.pdf, 大小=0.00MB
2026-01-16 07:50:21,349 - ocr_pdf - INFO - PDF文件总页数: 2
2026-01-16 07:50:21,349 - ocr_pdf - INFO - 处理第 1/2 页
2026-01-16 07:50:21,492 - ocr_pdf - INFO - 开始识别第 1 页内容...
2026-01-16 07:50:23,852 - ocr_pdf - INFO - 第 1 页识别完成，耗时: 2.36秒
2026-01-16 07:50:23,907 - ocr_pdf - INFO - 处理第 2/2 页
2026-01-16 07:50:23,908 - ocr_pdf - INFO - 开始识别第 2 页内容...
2026-01-16 07:50:25,721 - ocr_pdf - INFO - 第 2 页识别完成，耗时: 1.81秒
2026-01-16 07:50:25,773 - ocr_pdf - INFO - PDF文件处理完成，结果保存至: /var/folders/xl/67d5yjrd5ns69tr_3cpz733m0000gn/T/tmpu5li7k9n/output/test.txt
2026-01-16 07:50:25,773 - ocr_pdf - INFO - ==================================================
2026-01-16 07:50:25,773 - ocr_pdf - INFO - OCR识别完成日志
2026-01-16 07:50:25,773 - ocr_pdf - INFO - 日期时间: 2026-01-16 07:50:25
2026-01-16 07:50:25,773 - ocr_pdf - INFO - 文件名: test.pdf
2026-01-16 07:50:25,773 - ocr_pdf - INFO - 文件大小: 0.00MB
2026-01-16 07:50:25,773 - ocr_pdf - INFO - 总页数: 2
2026-01-16 07:50:25,773 - ocr_pdf - INFO - 处理耗时: 4.42秒
2026-01-16 07:50:25,773 - ocr_pdf - INFO - 处理结果: 成功
2026-01-16 07:50:25,773 - ocr_pdf - INFO - 输出路径: /var/folders/xl/67d5yjrd5ns69tr_3cpz733m0000gn/T/tmpu5li7k9n/output/test.txt
2026-01-16 07:50:25,773 - ocr_pdf - INFO - ==================================================
2026-01-16 07:50:25,773 - ocr_pdf - INFO - 日志已记录到Markdown文件: /Users/prog.le/Documents/codes/paddleocr/ocr_logs.md
2026-01-16 07:56:20,259 - api - INFO - 初始化OCR处理器，使用模型: pp-ocrv5
2026-01-16 07:56:20,259 - ocr_pdf - INFO - 正在初始化pp-ocrv5模型...
2026-01-16 07:56:21,017 - ocr_pdf - INFO - pp-ocrv5模型初始化完成
2026-01-16 07:56:21,017 - ocr_pdf - INFO - 使用OCR模型: pp-ocrv5
2026-01-16 07:56:21,017 - api - INFO - 开始处理PDF文件: test.pdf
2026-01-16 07:56:21,018 - ocr_pdf - INFO - 开始处理PDF文件: test.pdf
2026-01-16 07:56:21,018 - ocr_pdf - INFO - 文件信息: 文件名=test.pdf, 大小=0.00MB
2026-01-16 07:56:21,018 - ocr_pdf - INFO - PDF文件总页数: 2
2026-01-16 07:56:21,018 - ocr_pdf - INFO - 处理第 1/2 页
2026-01-16 07:56:21,033 - ocr_pdf - INFO - 开始识别第 1 页内容...
2026-01-16 07:56:23,116 - ocr_pdf - INFO - 第 1 页识别完成，耗时: 2.08秒
2026-01-16 07:56:23,171 - ocr_pdf - INFO - 处理第 2/2 页
2026-01-16 07:56:23,171 - ocr_pdf - INFO - 开始识别第 2 页内容...
2026-01-16 07:56:24,996 - ocr_pdf - INFO - 第 2 页识别完成，耗时: 1.82秒
2026-01-16 07:56:25,047 - ocr_pdf - INFO - PDF文件处理完成，结果保存至: /var/folders/xl/67d5yjrd5ns69tr_3cpz733m0000gn/T/tmpx7qn76_h/output/test.txt
2026-01-16 07:56:25,047 - ocr_pdf - INFO - ==================================================
2026-01-16 07:56:25,047 - ocr_pdf - INFO - OCR识别完成日志
2026-01-16 07:56:25,047 - ocr_pdf - INFO - 日期时间: 2026-01-16 07:56:25
2026-01-16 07:56:25,047 - ocr_pdf - INFO - 文件名: test.pdf
2026-01-16 07:56:25,047 - ocr_pdf - INFO - 文件大小: 0.00MB
2026-01-16 07:56:25,047 - ocr_pdf - INFO - 总页数: 2
2026-01-16 07:56:25,047 - ocr_pdf - INFO - 处理耗时: 4.03秒
2026-01-16 07:56:25,047 - ocr_pdf - INFO - 处理结果: 成功
2026-01-16 07:56:25,047 - ocr_pdf - INFO - 输出路径: /var/folders/xl/67d5yjrd5ns69tr_3cpz733m0000gn/T/tmpx7qn76_h/output/test.txt
2026-01-16 07:56:25,047 - ocr_pdf - INFO - ==================================================
2026-01-16 07:56:25,049 - ocr_pdf - INFO - 日志已记录到Markdown文件: /Users/prog.le/Documents/codes/paddleocr/ocr_logs.md
2026-01-16 07:59:39,481 - api - INFO - 初始化OCR处理器，使用模型: pp-ocrv5
2026-01-16 07:59:39,481 - ocr_pdf - INFO - 正在初始化pp-ocrv5模型...
2026-01-16 07:59:40,268 - ocr_pdf - INFO - pp-ocrv5模型初始化完成
2026-01-16 07:59:40,268 - ocr_pdf - INFO - 使用OCR模型: pp-ocrv5
2026-01-16 07:59:40,268 - api - INFO - 开始处理PDF文件: 专到互数据接口自查整治自查表.pdf
2026-01-16 07:59:40,268 - ocr_pdf - INFO - 开始处理PDF文件: /var/folders/xl/67d5yjrd5ns69tr_3cpz733m0000gn/T/tmpwg7kx65q/专到互数据接口自查整治自查表.pdf
2026-01-16 07:59:40,268 - ocr_pdf - INFO - 文件信息: 文件名=专到互数据接口自查整治自查表.pdf, 大小=0.21MB
2026-01-16 07:59:40,270 - ocr_pdf - INFO - PDF文件总页数: 1
2026-01-16 07:59:40,270 - ocr_pdf - INFO - 处理第 1/1 页
2026-01-16 07:59:40,292 - ocr_pdf - INFO - 开始识别第 1 页内容...
2026-01-16 07:59:58,533 - ocr_pdf - INFO - 第 1 页识别完成，耗时: 18.24秒
2026-01-16 07:59:58,777 - ocr_pdf - INFO - PDF文件处理完成，结果保存至: /var/folders/xl/67d5yjrd5ns69tr_3cpz733m0000gn/T/tmpwg7kx65q/output/专到互数据接口自查整治自查表.txt
2026-01-16 07:59:58,777 - ocr_pdf - INFO - ==================================================
2026-01-16 07:59:58,777 - ocr_pdf - INFO - OCR识别完成日志
2026-01-16 07:59:58,777 - ocr_pdf - INFO - 日期时间: 2026-01-16 07:59:58
2026-01-16 07:59:58,777 - ocr_pdf - INFO - 文件名: 专到互数据接口自查整治自查表.pdf
2026-01-16 07:59:58,777 - ocr_pdf - INFO - 文件大小: 0.21MB
2026-01-16 07:59:58,777 - ocr_pdf - INFO - 总页数: 1
2026-01-16 07:59:58,777 - ocr_pdf - INFO - 处理耗时: 18.51秒
2026-01-16 07:59:58,777 - ocr_pdf - INFO - 处理结果: 成功
2026-01-16 07:59:58,777 - ocr_pdf - INFO - 输出路径: /var/folders/xl/67d5yjrd5ns69tr_3cpz733m0000gn/T/tmpwg7kx65q/output/专到互数据接口自查整治自查表.txt
2026-01-16 07:59:58,777 - ocr_pdf - INFO - ==================================================
2026-01-16 07:59:58,778 - ocr_pdf - INFO - 日志已记录到Markdown文件: /Users/prog.le/Documents/codes/paddleocr/ocr_logs.md
